{"/Users/marconwillian/Projects/Study/AppIdeas/Projects/Bin2Dec/src/index.ts": {"path":"/Users/marconwillian/Projects/Study/AppIdeas/Projects/Bin2Dec/src/index.ts","statementMap":{"0":{"start":{"line":2,"column":17},"end":{"line":2,"column":36}},"1":{"start":{"line":4,"column":2},"end":{"line":6,"column":null}},"2":{"start":{"line":5,"column":4},"end":{"line":5,"column":54}},"3":{"start":{"line":8,"column":16},"end":{"line":8,"column":17}},"4":{"start":{"line":10,"column":2},"end":{"line":12,"column":null}},"5":{"start":{"line":11,"column":4},"end":{"line":11,"column":37}},"6":{"start":{"line":14,"column":2},"end":{"line":14,"column":17}},"7":{"start":{"line":18,"column":9},"end":{"line":18,"column":16}},"8":{"start":{"line":17,"column":0},"end":{"line":17,"column":23}}},"fnMap":{"0":{"name":"bin2dec","decl":{"start":{"line":1,"column":9},"end":{"line":1,"column":16}},"loc":{"start":{"line":1,"column":45},"end":{"line":15,"column":1}}}},"branchMap":{"0":{"loc":{"start":{"line":4,"column":2},"end":{"line":6,"column":null}},"type":"if","locations":[{"start":{"line":4,"column":2},"end":{"line":6,"column":null}}]}},"s":{"0":3,"1":3,"2":1,"3":2,"4":2,"5":11,"6":2,"7":1,"8":1},"f":{"0":3},"b":{"0":[1]}}
}
